/home/bogda/Documents/Projects/arm_wizard/install/lerobot_101_6_salut_description/lib/python3.12/site-packages/lerobot_101_6_salut_description/__init__.py
/home/bogda/Documents/Projects/arm_wizard/install/lerobot_101_6_salut_description/lib/python3.12/site-packages/lerobot_101_6_salut_description/__pycache__/__init__.cpython-312.pyc
/home/bogda/Documents/Projects/arm_wizard/install/lerobot_101_6_salut_description/share/ament_index/resource_index/packages/lerobot_101_6_salut_description
/home/bogda/Documents/Projects/arm_wizard/install/lerobot_101_6_salut_description/share/lerobot_101_6_salut_description/package.xml
/home/bogda/Documents/Projects/arm_wizard/install/lerobot_101_6_salut_description/share/lerobot_101_6_salut_description/launch/display.launch.py
/home/bogda/Documents/Projects/arm_wizard/install/lerobot_101_6_salut_description/share/lerobot_101_6_salut_description/launch/gazebo.launch.py
/home/bogda/Documents/Projects/arm_wizard/install/lerobot_101_6_salut_description/share/lerobot_101_6_salut_description/urdf/materials.xacro
/home/bogda/Documents/Projects/arm_wizard/install/lerobot_101_6_salut_description/share/lerobot_101_6_salut_description/urdf/lerobot_101_6_salut.gazebo
/home/bogda/Documents/Projects/arm_wizard/install/lerobot_101_6_salut_description/share/lerobot_101_6_salut_description/urdf/lerobot_101_6_salut.xacro
/home/bogda/Documents/Projects/arm_wizard/install/lerobot_101_6_salut_description/share/lerobot_101_6_salut_description/meshes/5_to_6_axis_v12_1.stl
/home/bogda/Documents/Projects/arm_wizard/install/lerobot_101_6_salut_description/share/lerobot_101_6_salut_description/meshes/Upper_arm_SO101_v5_1.stl
/home/bogda/Documents/Projects/arm_wizard/install/lerobot_101_6_salut_description/share/lerobot_101_6_salut_description/meshes/Rotation_Pitch_SO101_v7_1.stl
/home/bogda/Documents/Projects/arm_wizard/install/lerobot_101_6_salut_description/share/lerobot_101_6_salut_description/meshes/Wrist_Roll_Follower_SO101_v3_1.stl
/home/bogda/Documents/Projects/arm_wizard/install/lerobot_101_6_salut_description/share/lerobot_101_6_salut_description/meshes/Camera_mount_v19_1.stl
/home/bogda/Documents/Projects/arm_wizard/install/lerobot_101_6_salut_description/share/lerobot_101_6_salut_description/meshes/Under_arm_SO101_v4_1.stl
/home/bogda/Documents/Projects/arm_wizard/install/lerobot_101_6_salut_description/share/lerobot_101_6_salut_description/meshes/Moving_Jaw_SO101_v1_1.stl
/home/bogda/Documents/Projects/arm_wizard/install/lerobot_101_6_salut_description/share/lerobot_101_6_salut_description/meshes/Wrist_Roll_Pitch_SO101_v3_1.stl
/home/bogda/Documents/Projects/arm_wizard/install/lerobot_101_6_salut_description/share/lerobot_101_6_salut_description/meshes/camera_lens_v1_1.stl
/home/bogda/Documents/Projects/arm_wizard/install/lerobot_101_6_salut_description/share/lerobot_101_6_salut_description/meshes/base_link.stl
/home/bogda/Documents/Projects/arm_wizard/install/lerobot_101_6_salut_description/share/lerobot_101_6_salut_description/config/ros_gz_bridge_gazebo.yaml
/home/bogda/Documents/Projects/arm_wizard/install/lerobot_101_6_salut_description/share/lerobot_101_6_salut_description/config/display.rviz
/home/bogda/Documents/Projects/arm_wizard/install/lerobot_101_6_salut_description/share/lerobot_101_6_salut_description/config/gazebo.rviz
/home/bogda/Documents/Projects/arm_wizard/install/lerobot_101_6_salut_description/lib/python3.12/site-packages/lerobot_101_6_salut_description-0.0.0-py3.12.egg-info/zip-safe
/home/bogda/Documents/Projects/arm_wizard/install/lerobot_101_6_salut_description/lib/python3.12/site-packages/lerobot_101_6_salut_description-0.0.0-py3.12.egg-info/PKG-INFO
/home/bogda/Documents/Projects/arm_wizard/install/lerobot_101_6_salut_description/lib/python3.12/site-packages/lerobot_101_6_salut_description-0.0.0-py3.12.egg-info/dependency_links.txt
/home/bogda/Documents/Projects/arm_wizard/install/lerobot_101_6_salut_description/lib/python3.12/site-packages/lerobot_101_6_salut_description-0.0.0-py3.12.egg-info/requires.txt
/home/bogda/Documents/Projects/arm_wizard/install/lerobot_101_6_salut_description/lib/python3.12/site-packages/lerobot_101_6_salut_description-0.0.0-py3.12.egg-info/SOURCES.txt
/home/bogda/Documents/Projects/arm_wizard/install/lerobot_101_6_salut_description/lib/python3.12/site-packages/lerobot_101_6_salut_description-0.0.0-py3.12.egg-info/top_level.txt
