[0.007s] Invoking command in '/home/bogda/Documents/Projects/arm_wizard/build/lerobot_101_6_salut_moveit_config': AMENT_PREFIX_PATH=/home/bogda/Documents/Projects/arm_wizard/install/lerobot_101_6_salut_description DEBUGINFOD_URLS=https://debuginfod.ubuntu.com PYTHONPATH=/home/bogda/Documents/Projects/arm_wizard/install/lerobot_101_6_salut_description/lib/python3.12/site-packages /usr/bin/cmake /home/bogda/Documents/Projects/arm_wizard/example/lerobot_101_6_salut/lerobot_101_6_salut_moveit_config -DCMAKE_INSTALL_PREFIX=/home/bogda/Documents/Projects/arm_wizard/install/lerobot_101_6_salut_moveit_config
[0.067s] -- The C compiler identification is GNU 13.3.0
[0.131s] -- The CXX compiler identification is GNU 13.3.0
[0.149s] -- Detecting C compiler ABI info
[0.251s] -- Detecting C compiler ABI info - done
[0.261s] -- Check for working C compiler: /usr/bin/cc - skipped
[0.261s] -- Detecting C compile features
[0.261s] -- Detecting C compile features - done
[0.272s] -- Detecting CXX compiler ABI info
[0.394s] -- Detecting CXX compiler ABI info - done
[0.403s] -- Check for working CXX compiler: /usr/bin/c++ - skipped
[0.403s] -- Detecting CXX compile features
[0.404s] -- Detecting CXX compile features - done
[0.415s] CMake Error at CMakeLists.txt:4 (find_package):
[0.415s]   By not providing "Findament_cmake.cmake" in CMAKE_MODULE_PATH this project
[0.415s]   has asked CMake to find a package configuration file provided by
[0.415s]   "ament_cmake", but CMake did not find one.
[0.416s] 
[0.416s]   Could not find a package configuration file provided by "ament_cmake" with
[0.416s]   any of the following names:
[0.416s] 
[0.416s]     ament_cmakeConfig.cmake
[0.416s]     ament_cmake-config.cmake
[0.416s] 
[0.416s]   Add the installation prefix of "ament_cmake" to CMAKE_PREFIX_PATH or set
[0.416s]   "ament_cmake_DIR" to a directory containing one of the above files.  If
[0.416s]   "ament_cmake" provides a separate development package or SDK, be sure it
[0.416s]   has been installed.
[0.416s] 
[0.416s] 
[0.416s] -- Configuring incomplete, errors occurred!
[0.420s] Invoked command in '/home/bogda/Documents/Projects/arm_wizard/build/lerobot_101_6_salut_moveit_config' returned '1': AMENT_PREFIX_PATH=/home/bogda/Documents/Projects/arm_wizard/install/lerobot_101_6_salut_description DEBUGINFOD_URLS=https://debuginfod.ubuntu.com PYTHONPATH=/home/bogda/Documents/Projects/arm_wizard/install/lerobot_101_6_salut_description/lib/python3.12/site-packages /usr/bin/cmake /home/bogda/Documents/Projects/arm_wizard/example/lerobot_101_6_salut/lerobot_101_6_salut_moveit_config -DCMAKE_INSTALL_PREFIX=/home/bogda/Documents/Projects/arm_wizard/install/lerobot_101_6_salut_moveit_config
