[0.747s] Invoking command in '/mnt/hgfs/sharedprj/test_export/lerobot_101_6_salut/lerobot_101_6_salut_description': DEBUGINFOD_URLS=https://debuginfod.ubuntu.com PYTHONPATH=/mnt/hgfs/sharedprj/test_export/lerobot_101_6_salut/build/lerobot_101_6_salut_description/prefix_override:/usr/lib/python3/dist-packages/colcon_core/task/python/colcon_distutils_commands:/mnt/hgfs/sharedprj/test_export/lerobot_101_6_salut/install/lerobot_101_6_salut_description/lib/python3.12/site-packages: /usr/bin/python3 -W ignore:setup.py install is deprecated -W ignore:easy_install command is deprecated setup.py egg_info --egg-base ../build/lerobot_101_6_salut_description build --build-base /mnt/hgfs/sharedprj/test_export/lerobot_101_6_salut/build/lerobot_101_6_salut_description/build install --record /mnt/hgfs/sharedprj/test_export/lerobot_101_6_salut/build/lerobot_101_6_salut_description/install.log --single-version-externally-managed install_data
[0.962s] running egg_info
[0.963s] creating ../build/lerobot_101_6_salut_description/lerobot_101_6_salut_description.egg-info
[0.975s] writing ../build/lerobot_101_6_salut_description/lerobot_101_6_salut_description.egg-info/PKG-INFO
[0.980s] writing dependency_links to ../build/lerobot_101_6_salut_description/lerobot_101_6_salut_description.egg-info/dependency_links.txt
[0.982s] writing requirements to ../build/lerobot_101_6_salut_description/lerobot_101_6_salut_description.egg-info/requires.txt
[0.986s] writing top-level names to ../build/lerobot_101_6_salut_description/lerobot_101_6_salut_description.egg-info/top_level.txt
[0.988s] writing manifest file '../build/lerobot_101_6_salut_description/lerobot_101_6_salut_description.egg-info/SOURCES.txt'
[1.028s] reading manifest file '../build/lerobot_101_6_salut_description/lerobot_101_6_salut_description.egg-info/SOURCES.txt'
[1.031s] writing manifest file '../build/lerobot_101_6_salut_description/lerobot_101_6_salut_description.egg-info/SOURCES.txt'
[1.034s] running build
[1.035s] running build_py
[1.038s] creating /mnt/hgfs/sharedprj/test_export/lerobot_101_6_salut/build/lerobot_101_6_salut_description/build
[1.039s] creating /mnt/hgfs/sharedprj/test_export/lerobot_101_6_salut/build/lerobot_101_6_salut_description/build/lib
[1.040s] creating /mnt/hgfs/sharedprj/test_export/lerobot_101_6_salut/build/lerobot_101_6_salut_description/build/lib/lerobot_101_6_salut_description
[1.042s] copying lerobot_101_6_salut_description/__init__.py -> /mnt/hgfs/sharedprj/test_export/lerobot_101_6_salut/build/lerobot_101_6_salut_description/build/lib/lerobot_101_6_salut_description
[1.043s] running install
[1.048s] running install_lib
[1.063s] creating /mnt/hgfs/sharedprj/test_export/lerobot_101_6_salut/install/lerobot_101_6_salut_description/lib/python3.12/site-packages/lerobot_101_6_salut_description
[1.064s] copying /mnt/hgfs/sharedprj/test_export/lerobot_101_6_salut/build/lerobot_101_6_salut_description/build/lib/lerobot_101_6_salut_description/__init__.py -> /mnt/hgfs/sharedprj/test_export/lerobot_101_6_salut/install/lerobot_101_6_salut_description/lib/python3.12/site-packages/lerobot_101_6_salut_description
[1.068s] byte-compiling /mnt/hgfs/sharedprj/test_export/lerobot_101_6_salut/install/lerobot_101_6_salut_description/lib/python3.12/site-packages/lerobot_101_6_salut_description/__init__.py to __init__.cpython-312.pyc
[1.074s] running install_data
[1.076s] creating /mnt/hgfs/sharedprj/test_export/lerobot_101_6_salut/install/lerobot_101_6_salut_description/share/ament_index
[1.077s] creating /mnt/hgfs/sharedprj/test_export/lerobot_101_6_salut/install/lerobot_101_6_salut_description/share/ament_index/resource_index
[1.078s] creating /mnt/hgfs/sharedprj/test_export/lerobot_101_6_salut/install/lerobot_101_6_salut_description/share/ament_index/resource_index/packages
[1.080s] copying resource/lerobot_101_6_salut_description -> /mnt/hgfs/sharedprj/test_export/lerobot_101_6_salut/install/lerobot_101_6_salut_description/share/ament_index/resource_index/packages
[1.082s] copying package.xml -> /mnt/hgfs/sharedprj/test_export/lerobot_101_6_salut/install/lerobot_101_6_salut_description/share/lerobot_101_6_salut_description
[1.086s] creating /mnt/hgfs/sharedprj/test_export/lerobot_101_6_salut/install/lerobot_101_6_salut_description/share/lerobot_101_6_salut_description/launch
[1.088s] copying launch/display.launch.py -> /mnt/hgfs/sharedprj/test_export/lerobot_101_6_salut/install/lerobot_101_6_salut_description/share/lerobot_101_6_salut_description/launch
[1.093s] copying launch/gazebo.launch.py -> /mnt/hgfs/sharedprj/test_export/lerobot_101_6_salut/install/lerobot_101_6_salut_description/share/lerobot_101_6_salut_description/launch
[1.099s] creating /mnt/hgfs/sharedprj/test_export/lerobot_101_6_salut/install/lerobot_101_6_salut_description/share/lerobot_101_6_salut_description/urdf
[1.100s] copying urdf/lerobot_101_6_salut.gazebo -> /mnt/hgfs/sharedprj/test_export/lerobot_101_6_salut/install/lerobot_101_6_salut_description/share/lerobot_101_6_salut_description/urdf
[1.104s] copying urdf/lerobot_101_6_salut.xacro -> /mnt/hgfs/sharedprj/test_export/lerobot_101_6_salut/install/lerobot_101_6_salut_description/share/lerobot_101_6_salut_description/urdf
[1.110s] copying urdf/materials.xacro -> /mnt/hgfs/sharedprj/test_export/lerobot_101_6_salut/install/lerobot_101_6_salut_description/share/lerobot_101_6_salut_description/urdf
[1.114s] creating /mnt/hgfs/sharedprj/test_export/lerobot_101_6_salut/install/lerobot_101_6_salut_description/share/lerobot_101_6_salut_description/meshes
[1.120s] copying meshes/5_to_6_axis_v12_1.stl -> /mnt/hgfs/sharedprj/test_export/lerobot_101_6_salut/install/lerobot_101_6_salut_description/share/lerobot_101_6_salut_description/meshes
[1.147s] copying meshes/base_link.stl -> /mnt/hgfs/sharedprj/test_export/lerobot_101_6_salut/install/lerobot_101_6_salut_description/share/lerobot_101_6_salut_description/meshes
[1.171s] copying meshes/camera_lens_v1_1.stl -> /mnt/hgfs/sharedprj/test_export/lerobot_101_6_salut/install/lerobot_101_6_salut_description/share/lerobot_101_6_salut_description/meshes
[1.178s] copying meshes/Camera_mount_v19_1.stl -> /mnt/hgfs/sharedprj/test_export/lerobot_101_6_salut/install/lerobot_101_6_salut_description/share/lerobot_101_6_salut_description/meshes
[1.187s] copying meshes/Moving_Jaw_SO101_v1_1.stl -> /mnt/hgfs/sharedprj/test_export/lerobot_101_6_salut/install/lerobot_101_6_salut_description/share/lerobot_101_6_salut_description/meshes
[1.200s] copying meshes/Rotation_Pitch_SO101_v7_1.stl -> /mnt/hgfs/sharedprj/test_export/lerobot_101_6_salut/install/lerobot_101_6_salut_description/share/lerobot_101_6_salut_description/meshes
[1.223s] copying meshes/Under_arm_SO101_v4_1.stl -> /mnt/hgfs/sharedprj/test_export/lerobot_101_6_salut/install/lerobot_101_6_salut_description/share/lerobot_101_6_salut_description/meshes
[1.244s] copying meshes/Upper_arm_SO101_v5_1.stl -> /mnt/hgfs/sharedprj/test_export/lerobot_101_6_salut/install/lerobot_101_6_salut_description/share/lerobot_101_6_salut_description/meshes
[1.267s] copying meshes/Wrist_Roll_Follower_SO101_v3_1.stl -> /mnt/hgfs/sharedprj/test_export/lerobot_101_6_salut/install/lerobot_101_6_salut_description/share/lerobot_101_6_salut_description/meshes
[1.293s] copying meshes/Wrist_Roll_Pitch_SO101_v3_1.stl -> /mnt/hgfs/sharedprj/test_export/lerobot_101_6_salut/install/lerobot_101_6_salut_description/share/lerobot_101_6_salut_description/meshes
[1.325s] creating /mnt/hgfs/sharedprj/test_export/lerobot_101_6_salut/install/lerobot_101_6_salut_description/share/lerobot_101_6_salut_description/config
[1.327s] copying config/display.rviz -> /mnt/hgfs/sharedprj/test_export/lerobot_101_6_salut/install/lerobot_101_6_salut_description/share/lerobot_101_6_salut_description/config
[1.332s] copying config/gazebo.rviz -> /mnt/hgfs/sharedprj/test_export/lerobot_101_6_salut/install/lerobot_101_6_salut_description/share/lerobot_101_6_salut_description/config
[1.338s] copying config/ros_gz_bridge_gazebo.yaml -> /mnt/hgfs/sharedprj/test_export/lerobot_101_6_salut/install/lerobot_101_6_salut_description/share/lerobot_101_6_salut_description/config
[1.343s] running install_egg_info
[1.360s] Copying ../build/lerobot_101_6_salut_description/lerobot_101_6_salut_description.egg-info to /mnt/hgfs/sharedprj/test_export/lerobot_101_6_salut/install/lerobot_101_6_salut_description/lib/python3.12/site-packages/lerobot_101_6_salut_description-0.0.0-py3.12.egg-info
[1.391s] running install_scripts
[1.511s] writing list of installed files to '/mnt/hgfs/sharedprj/test_export/lerobot_101_6_salut/build/lerobot_101_6_salut_description/install.log'
[1.535s] Invoked command in '/mnt/hgfs/sharedprj/test_export/lerobot_101_6_salut/lerobot_101_6_salut_description' returned '0': DEBUGINFOD_URLS=https://debuginfod.ubuntu.com PYTHONPATH=/mnt/hgfs/sharedprj/test_export/lerobot_101_6_salut/build/lerobot_101_6_salut_description/prefix_override:/usr/lib/python3/dist-packages/colcon_core/task/python/colcon_distutils_commands:/mnt/hgfs/sharedprj/test_export/lerobot_101_6_salut/install/lerobot_101_6_salut_description/lib/python3.12/site-packages: /usr/bin/python3 -W ignore:setup.py install is deprecated -W ignore:easy_install command is deprecated setup.py egg_info --egg-base ../build/lerobot_101_6_salut_description build --build-base /mnt/hgfs/sharedprj/test_export/lerobot_101_6_salut/build/lerobot_101_6_salut_description/build install --record /mnt/hgfs/sharedprj/test_export/lerobot_101_6_salut/build/lerobot_101_6_salut_description/install.log --single-version-externally-managed install_data
