[0.000000] (-) TimerEvent: {}
[0.000077] (lerobot_101_6_salut_description) JobQueued: {'identifier': 'lerobot_101_6_salut_description', 'dependencies': OrderedDict()}
[0.000116] (lerobot_101_6_salut_moveit_config) JobQueued: {'identifier': 'lerobot_101_6_salut_moveit_config', 'dependencies': OrderedDict({'lerobot_101_6_salut_description': '/home/bogda/Documents/Projects/arm_wizard/install/lerobot_101_6_salut_description'})}
[0.000151] (lerobot_101_6_salut_play) JobQueued: {'identifier': 'lerobot_101_6_salut_play', 'dependencies': OrderedDict({'lerobot_101_6_salut_description': '/home/bogda/Documents/Projects/arm_wizard/install/lerobot_101_6_salut_description', 'lerobot_101_6_salut_moveit_config': '/home/bogda/Documents/Projects/arm_wizard/install/lerobot_101_6_salut_moveit_config'})}
[0.000871] (lerobot_101_6_salut_description) JobStarted: {'identifier': 'lerobot_101_6_salut_description'}
[0.099899] (-) TimerEvent: {}
[0.200340] (-) TimerEvent: {}
[0.300749] (-) TimerEvent: {}
[0.401337] (-) TimerEvent: {}
[0.501769] (-) TimerEvent: {}
[0.602242] (-) TimerEvent: {}
[0.653843] (lerobot_101_6_salut_description) Command: {'cmd': ['/usr/bin/python3', '-W', 'ignore:setup.py install is deprecated', '-W', 'ignore:easy_install command is deprecated', 'setup.py', 'egg_info', '--egg-base', '../../../build/lerobot_101_6_salut_description', 'build', '--build-base', '/home/bogda/Documents/Projects/arm_wizard/build/lerobot_101_6_salut_description/build', 'install', '--record', '/home/bogda/Documents/Projects/arm_wizard/build/lerobot_101_6_salut_description/install.log', '--single-version-externally-managed', 'install_data'], 'cwd': '/home/bogda/Documents/Projects/arm_wizard/example/lerobot_101_6_salut/lerobot_101_6_salut_description', 'env': {'USER': 'bogda', 'XDG_SESSION_TYPE': 'wayland', 'SHLVL': '0', 'HOME': '/home/bogda', 'DESKTOP_SESSION': 'ubuntu', 'GTK_MODULES': 'gail:atk-bridge', 'GNOME_SHELL_SESSION_MODE': 'ubuntu', 'MANAGERPID': '1911', 'TRIGGER_PATH': '/var/crash', 'DBUS_SESSION_BUS_ADDRESS': 'unix:path=/run/user/1000/bus', 'GSM_SKIP_SSH_AGENT_WORKAROUND': 'true', 'SYSTEMD_EXEC_PID': '25716', 'GIO_LAUNCHED_DESKTOP_FILE_PID': '30145', 'DEBUGINFOD_URLS': 'https://debuginfod.ubuntu.com', 'IM_CONFIG_PHASE': '1', 'WAYLAND_DISPLAY': 'wayland-0', 'LOGNAME': 'bogda', '_': '/usr/bin/gnome-session', 'JOURNAL_STREAM': '9:198590', 'XDG_SESSION_CLASS': 'user', 'MEMORY_PRESSURE_WATCH': '/sys/fs/cgroup/user.slice/user-1000.slice/user@1000.service/app.slice/update-notifier-crash.service/memory.pressure', 'USERNAME': 'bogda', 'GNOME_DESKTOP_SESSION_ID': 'this-is-deprecated', 'PATH': '/usr/local/sbin:/usr/local/bin:/usr/sbin:/usr/bin:/sbin:/bin:/usr/games:/usr/local/games:/snap/bin:/snap/bin', 'SESSION_MANAGER': 'local/bogda-VMware-Virtual-Platform:@/tmp/.ICE-unix/2092,unix/bogda-VMware-Virtual-Platform:/tmp/.ICE-unix/2092', 'INVOCATION_ID': '9d0d6b91ad344d5ba7b6b18ba2dfc2fd', 'XDG_RUNTIME_DIR': '/run/user/1000', 'GNOME_SETUP_DISPLAY': ':1', 'XDG_MENU_PREFIX': 'gnome-', 'DISPLAY': ':0', 'LANG': 'en_US.UTF-8', 'XDG_CURRENT_DESKTOP': 'ubuntu:GNOME', 'XAUTHORITY': '/run/user/1000/.mutter-Xwaylandauth.JQ6VJ3', 'XDG_SESSION_DESKTOP': 'ubuntu', 'XMODIFIERS': '@im=ibus', 'SSH_AUTH_SOCK': '/run/user/1000/keyring/ssh', 'SHELL': '/bin/bash', 'QT_ACCESSIBILITY': '1', 'GDMSESSION': 'ubuntu', 'TRIGGER_UNIT': 'update-notifier-crash.path', 'QT_IM_MODULE': 'ibus', 'LC_ALL': 'en_US.UTF-8', 'PWD': '/home/bogda/Documents/Projects/arm_wizard/build/lerobot_101_6_salut_description', 'XDG_DATA_DIRS': '/usr/share/ubuntu:/usr/share/gnome:/usr/local/share/:/usr/share/:/var/lib/snapd/desktop', 'XDG_CONFIG_DIRS': '/etc/xdg/xdg-ubuntu:/etc/xdg', 'COLCON': '1', 'MEMORY_PRESSURE_WRITE': 'c29tZSAyMDAwMDAgMjAwMDAwMAA=', 'PYTHONPATH': '/home/bogda/Documents/Projects/arm_wizard/build/lerobot_101_6_salut_description/prefix_override:/usr/lib/python3/dist-packages/colcon_core/task/python/colcon_distutils_commands:/home/bogda/Documents/Projects/arm_wizard/install/lerobot_101_6_salut_description/lib/python3.12/site-packages:'}, 'shell': False}
[0.702802] (-) TimerEvent: {}
[0.803580] (-) TimerEvent: {}
[0.867550] (lerobot_101_6_salut_description) StdoutLine: {'line': b'running egg_info\n'}
[0.878975] (lerobot_101_6_salut_description) StdoutLine: {'line': b'writing ../../../build/lerobot_101_6_salut_description/lerobot_101_6_salut_description.egg-info/PKG-INFO\n'}
[0.879840] (lerobot_101_6_salut_description) StdoutLine: {'line': b'writing dependency_links to ../../../build/lerobot_101_6_salut_description/lerobot_101_6_salut_description.egg-info/dependency_links.txt\n'}
[0.880048] (lerobot_101_6_salut_description) StdoutLine: {'line': b'writing requirements to ../../../build/lerobot_101_6_salut_description/lerobot_101_6_salut_description.egg-info/requires.txt\n'}
[0.880160] (lerobot_101_6_salut_description) StdoutLine: {'line': b'writing top-level names to ../../../build/lerobot_101_6_salut_description/lerobot_101_6_salut_description.egg-info/top_level.txt\n'}
[0.904087] (-) TimerEvent: {}
[0.904807] (lerobot_101_6_salut_description) StdoutLine: {'line': b"reading manifest file '../../../build/lerobot_101_6_salut_description/lerobot_101_6_salut_description.egg-info/SOURCES.txt'\n"}
[0.906187] (lerobot_101_6_salut_description) StdoutLine: {'line': b"writing manifest file '../../../build/lerobot_101_6_salut_description/lerobot_101_6_salut_description.egg-info/SOURCES.txt'\n"}
[0.906570] (lerobot_101_6_salut_description) StdoutLine: {'line': b'running build\n'}
[0.906913] (lerobot_101_6_salut_description) StdoutLine: {'line': b'running build_py\n'}
[0.907001] (lerobot_101_6_salut_description) StdoutLine: {'line': b'running install\n'}
[0.913154] (lerobot_101_6_salut_description) StdoutLine: {'line': b'running install_lib\n'}
[0.926719] (lerobot_101_6_salut_description) StdoutLine: {'line': b'running install_data\n'}
[0.927258] (lerobot_101_6_salut_description) StdoutLine: {'line': b'running install_egg_info\n'}
[0.941153] (lerobot_101_6_salut_description) StdoutLine: {'line': b"removing '/home/bogda/Documents/Projects/arm_wizard/install/lerobot_101_6_salut_description/lib/python3.12/site-packages/lerobot_101_6_salut_description-0.0.0-py3.12.egg-info' (and everything under it)\n"}
[0.941453] (lerobot_101_6_salut_description) StdoutLine: {'line': b'Copying ../../../build/lerobot_101_6_salut_description/lerobot_101_6_salut_description.egg-info to /home/bogda/Documents/Projects/arm_wizard/install/lerobot_101_6_salut_description/lib/python3.12/site-packages/lerobot_101_6_salut_description-0.0.0-py3.12.egg-info\n'}
[0.943516] (lerobot_101_6_salut_description) StdoutLine: {'line': b'running install_scripts\n'}
[1.004430] (-) TimerEvent: {}
[1.041006] (lerobot_101_6_salut_description) StdoutLine: {'line': b"writing list of installed files to '/home/bogda/Documents/Projects/arm_wizard/build/lerobot_101_6_salut_description/install.log'\n"}
[1.065016] (lerobot_101_6_salut_description) CommandEnded: {'returncode': 0}
[1.075285] (lerobot_101_6_salut_description) JobEnded: {'identifier': 'lerobot_101_6_salut_description', 'rc': 0}
[1.076817] (lerobot_101_6_salut_moveit_config) JobStarted: {'identifier': 'lerobot_101_6_salut_moveit_config'}
[1.081786] (lerobot_101_6_salut_moveit_config) JobProgress: {'identifier': 'lerobot_101_6_salut_moveit_config', 'progress': 'cmake'}
[1.082799] (lerobot_101_6_salut_moveit_config) Command: {'cmd': ['/usr/bin/cmake', '/home/bogda/Documents/Projects/arm_wizard/example/lerobot_101_6_salut/lerobot_101_6_salut_moveit_config', '-DCMAKE_INSTALL_PREFIX=/home/bogda/Documents/Projects/arm_wizard/install/lerobot_101_6_salut_moveit_config'], 'cwd': '/home/bogda/Documents/Projects/arm_wizard/build/lerobot_101_6_salut_moveit_config', 'env': OrderedDict({'USER': 'bogda', 'XDG_SESSION_TYPE': 'wayland', 'SHLVL': '0', 'HOME': '/home/bogda', 'DESKTOP_SESSION': 'ubuntu', 'GTK_MODULES': 'gail:atk-bridge', 'GNOME_SHELL_SESSION_MODE': 'ubuntu', 'MANAGERPID': '1911', 'TRIGGER_PATH': '/var/crash', 'DBUS_SESSION_BUS_ADDRESS': 'unix:path=/run/user/1000/bus', 'GSM_SKIP_SSH_AGENT_WORKAROUND': 'true', 'SYSTEMD_EXEC_PID': '25716', 'GIO_LAUNCHED_DESKTOP_FILE_PID': '30145', 'DEBUGINFOD_URLS': 'https://debuginfod.ubuntu.com', 'IM_CONFIG_PHASE': '1', 'WAYLAND_DISPLAY': 'wayland-0', 'LOGNAME': 'bogda', '_': '/usr/bin/gnome-session', 'JOURNAL_STREAM': '9:198590', 'XDG_SESSION_CLASS': 'user', 'MEMORY_PRESSURE_WATCH': '/sys/fs/cgroup/user.slice/user-1000.slice/user@1000.service/app.slice/update-notifier-crash.service/memory.pressure', 'USERNAME': 'bogda', 'GNOME_DESKTOP_SESSION_ID': 'this-is-deprecated', 'PATH': '/usr/local/sbin:/usr/local/bin:/usr/sbin:/usr/bin:/sbin:/bin:/usr/games:/usr/local/games:/snap/bin:/snap/bin', 'SESSION_MANAGER': 'local/bogda-VMware-Virtual-Platform:@/tmp/.ICE-unix/2092,unix/bogda-VMware-Virtual-Platform:/tmp/.ICE-unix/2092', 'INVOCATION_ID': '9d0d6b91ad344d5ba7b6b18ba2dfc2fd', 'XDG_RUNTIME_DIR': '/run/user/1000', 'GNOME_SETUP_DISPLAY': ':1', 'XDG_MENU_PREFIX': 'gnome-', 'DISPLAY': ':0', 'LANG': 'en_US.UTF-8', 'XDG_CURRENT_DESKTOP': 'ubuntu:GNOME', 'XAUTHORITY': '/run/user/1000/.mutter-Xwaylandauth.JQ6VJ3', 'XDG_SESSION_DESKTOP': 'ubuntu', 'XMODIFIERS': '@im=ibus', 'SSH_AUTH_SOCK': '/run/user/1000/keyring/ssh', 'AMENT_PREFIX_PATH': '/home/bogda/Documents/Projects/arm_wizard/install/lerobot_101_6_salut_description', 'SHELL': '/bin/bash', 'QT_ACCESSIBILITY': '1', 'GDMSESSION': 'ubuntu', 'TRIGGER_UNIT': 'update-notifier-crash.path', 'QT_IM_MODULE': 'ibus', 'LC_ALL': 'en_US.UTF-8', 'PWD': '/home/bogda/Documents/Projects/arm_wizard/build/lerobot_101_6_salut_moveit_config', 'XDG_DATA_DIRS': '/usr/share/ubuntu:/usr/share/gnome:/usr/local/share/:/usr/share/:/var/lib/snapd/desktop', 'XDG_CONFIG_DIRS': '/etc/xdg/xdg-ubuntu:/etc/xdg', 'PYTHONPATH': '/home/bogda/Documents/Projects/arm_wizard/install/lerobot_101_6_salut_description/lib/python3.12/site-packages', 'COLCON': '1', 'MEMORY_PRESSURE_WRITE': 'c29tZSAyMDAwMDAgMjAwMDAwMAA='}), 'shell': False}
[1.104882] (-) TimerEvent: {}
[1.107967] (lerobot_101_6_salut_moveit_config) StderrLine: {'line': b'CMake Error at CMakeLists.txt:4 (find_package):\n'}
[1.108125] (lerobot_101_6_salut_moveit_config) StderrLine: {'line': b'  By not providing "Findament_cmake.cmake" in CMAKE_MODULE_PATH this project\n'}
[1.108190] (lerobot_101_6_salut_moveit_config) StderrLine: {'line': b'  has asked CMake to find a package configuration file provided by\n'}
[1.108247] (lerobot_101_6_salut_moveit_config) StderrLine: {'line': b'  "ament_cmake", but CMake did not find one.\n'}
[1.108332] (lerobot_101_6_salut_moveit_config) StderrLine: {'line': b'\n'}
[1.108523] (lerobot_101_6_salut_moveit_config) StderrLine: {'line': b'  Could not find a package configuration file provided by "ament_cmake" with\n'}
[1.108591] (lerobot_101_6_salut_moveit_config) StderrLine: {'line': b'  any of the following names:\n'}
[1.108649] (lerobot_101_6_salut_moveit_config) StderrLine: {'line': b'\n'}
[1.108740] (lerobot_101_6_salut_moveit_config) StderrLine: {'line': b'    ament_cmakeConfig.cmake\n'}
[1.108876] (lerobot_101_6_salut_moveit_config) StderrLine: {'line': b'    ament_cmake-config.cmake\n'}
[1.108934] (lerobot_101_6_salut_moveit_config) StderrLine: {'line': b'\n'}
[1.108983] (lerobot_101_6_salut_moveit_config) StderrLine: {'line': b'  Add the installation prefix of "ament_cmake" to CMAKE_PREFIX_PATH or set\n'}
[1.109058] (lerobot_101_6_salut_moveit_config) StderrLine: {'line': b'  "ament_cmake_DIR" to a directory containing one of the above files.  If\n'}
[1.109129] (lerobot_101_6_salut_moveit_config) StderrLine: {'line': b'  "ament_cmake" provides a separate development package or SDK, be sure it\n'}
[1.109182] (lerobot_101_6_salut_moveit_config) StderrLine: {'line': b'  has been installed.\n'}
[1.109233] (lerobot_101_6_salut_moveit_config) StderrLine: {'line': b'\n'}
[1.109283] (lerobot_101_6_salut_moveit_config) StderrLine: {'line': b'\n'}
[1.109334] (lerobot_101_6_salut_moveit_config) StdoutLine: {'line': b'-- Configuring incomplete, errors occurred!\n'}
[1.111034] (lerobot_101_6_salut_moveit_config) CommandEnded: {'returncode': 1}
[1.130655] (lerobot_101_6_salut_moveit_config) JobEnded: {'identifier': 'lerobot_101_6_salut_moveit_config', 'rc': 1}
[1.141396] (lerobot_101_6_salut_play) JobSkipped: {'identifier': 'lerobot_101_6_salut_play'}
[1.141452] (-) EventReactorShutdown: {}
